mode: atomic
github.com/AlexStocks/log4go/buffile.go:32.68,37.2 1 3
github.com/AlexStocks/log4go/buffile.go:39.61,43.2 3 0
github.com/AlexStocks/log4go/buffile.go:45.50,50.16 4 3
github.com/AlexStocks/log4go/buffile.go:54.2,57.19 3 3
github.com/AlexStocks/log4go/buffile.go:61.2,61.16 1 3
github.com/AlexStocks/log4go/buffile.go:50.16,52.3 1 0
github.com/AlexStocks/log4go/buffile.go:57.19,60.3 2 3
github.com/AlexStocks/log4go/buffile.go:64.39,70.19 4 3
github.com/AlexStocks/log4go/buffile.go:74.2,79.12 5 3
github.com/AlexStocks/log4go/buffile.go:70.19,72.3 1 0
github.com/AlexStocks/log4go/buffile.go:82.33,86.24 3 6
github.com/AlexStocks/log4go/buffile.go:90.2,90.19 1 0
github.com/AlexStocks/log4go/buffile.go:86.24,89.3 2 6
github.com/AlexStocks/log4go/buffile.go:90.19,92.3 1 0
github.com/AlexStocks/log4go/buffile.go:95.71,99.19 3 0
github.com/AlexStocks/log4go/buffile.go:103.2,104.16 2 0
github.com/AlexStocks/log4go/buffile.go:108.2,108.23 1 0
github.com/AlexStocks/log4go/buffile.go:99.19,101.3 1 0
github.com/AlexStocks/log4go/buffile.go:104.16,106.3 1 0
github.com/AlexStocks/log4go/buffile.go:111.54,112.19 1 18
github.com/AlexStocks/log4go/buffile.go:119.2,121.40 3 18
github.com/AlexStocks/log4go/buffile.go:112.19,114.17 2 0
github.com/AlexStocks/log4go/buffile.go:114.17,116.4 1 0
github.com/AlexStocks/log4go/filelog.go:74.50,75.15 1 11
github.com/AlexStocks/log4go/filelog.go:86.2,86.15 1 11
github.com/AlexStocks/log4go/filelog.go:75.15,76.31 1 11
github.com/AlexStocks/log4go/filelog.go:76.31,83.4 1 0
github.com/AlexStocks/log4go/filelog.go:89.33,90.19 1 5
github.com/AlexStocks/log4go/filelog.go:90.19,100.29 3 5
github.com/AlexStocks/log4go/filelog.go:101.17,102.12 1 2
github.com/AlexStocks/log4go/filelog.go:103.23,104.13 1 3
github.com/AlexStocks/log4go/filelog.go:105.11,106.18 1 0
github.com/AlexStocks/log4go/filelog.go:112.46,112.65 1 3
github.com/AlexStocks/log4go/filelog.go:114.44,115.15 1 11
github.com/AlexStocks/log4go/filelog.go:119.2,120.45 1 0
github.com/AlexStocks/log4go/filelog.go:124.2,125.45 2 0
github.com/AlexStocks/log4go/filelog.go:129.2,129.44 1 0
github.com/AlexStocks/log4go/filelog.go:133.2,133.14 1 0
github.com/AlexStocks/log4go/filelog.go:115.15,117.3 1 11
github.com/AlexStocks/log4go/filelog.go:120.45,122.3 1 0
github.com/AlexStocks/log4go/filelog.go:125.45,127.3 1 0
github.com/AlexStocks/log4go/filelog.go:129.44,131.3 1 0
github.com/AlexStocks/log4go/filelog.go:146.78,163.44 3 5
github.com/AlexStocks/log4go/filelog.go:168.2,168.12 1 5
github.com/AlexStocks/log4go/filelog.go:243.2,243.10 1 5
github.com/AlexStocks/log4go/filelog.go:163.44,166.3 2 0
github.com/AlexStocks/log4go/filelog.go:168.12,170.16 1 5
github.com/AlexStocks/log4go/filelog.go:177.3,177.7 1 5
github.com/AlexStocks/log4go/filelog.go:170.16,171.21 1 5
github.com/AlexStocks/log4go/filelog.go:171.21,174.5 2 5
github.com/AlexStocks/log4go/filelog.go:177.7,178.11 1 16
github.com/AlexStocks/log4go/filelog.go:179.17,180.41 1 0
github.com/AlexStocks/log4go/filelog.go:185.28,186.12 1 16
github.com/AlexStocks/log4go/filelog.go:190.5,190.24 1 16
github.com/AlexStocks/log4go/filelog.go:194.5,194.18 1 11
github.com/AlexStocks/log4go/filelog.go:199.5,199.24 1 11
github.com/AlexStocks/log4go/filelog.go:208.5,209.16 2 11
github.com/AlexStocks/log4go/filelog.go:217.5,218.19 2 11
github.com/AlexStocks/log4go/filelog.go:236.5,237.26 2 11
github.com/AlexStocks/log4go/filelog.go:180.41,183.6 2 0
github.com/AlexStocks/log4go/filelog.go:186.12,188.6 1 0
github.com/AlexStocks/log4go/filelog.go:190.24,192.6 1 5
github.com/AlexStocks/log4go/filelog.go:194.18,196.6 1 9
github.com/AlexStocks/log4go/filelog.go:199.24,200.42 1 0
github.com/AlexStocks/log4go/filelog.go:200.42,203.7 2 0
github.com/AlexStocks/log4go/filelog.go:209.16,211.6 1 11
github.com/AlexStocks/log4go/filelog.go:211.11,216.6 2 0
github.com/AlexStocks/log4go/filelog.go:218.19,221.42 2 0
github.com/AlexStocks/log4go/filelog.go:231.6,232.12 2 0
github.com/AlexStocks/log4go/filelog.go:221.42,224.21 3 0
github.com/AlexStocks/log4go/filelog.go:228.7,228.18 1 0
github.com/AlexStocks/log4go/filelog.go:224.21,227.8 2 0
github.com/AlexStocks/log4go/filelog.go:247.34,249.2 1 0
github.com/AlexStocks/log4go/filelog.go:253.43,256.19 1 0
github.com/AlexStocks/log4go/filelog.go:263.2,264.14 2 0
github.com/AlexStocks/log4go/filelog.go:335.2,336.16 2 0
github.com/AlexStocks/log4go/filelog.go:340.2,343.14 2 0
github.com/AlexStocks/log4go/filelog.go:348.2,348.13 1 0
github.com/AlexStocks/log4go/filelog.go:354.2,356.57 2 0
github.com/AlexStocks/log4go/filelog.go:361.2,365.12 3 0
github.com/AlexStocks/log4go/filelog.go:256.19,259.3 2 0
github.com/AlexStocks/log4go/filelog.go:264.14,266.17 2 0
github.com/AlexStocks/log4go/filelog.go:266.17,270.47 3 0
github.com/AlexStocks/log4go/filelog.go:310.4,318.29 2 0
github.com/AlexStocks/log4go/filelog.go:270.47,276.51 5 0
github.com/AlexStocks/log4go/filelog.go:281.5,281.19 1 0
github.com/AlexStocks/log4go/filelog.go:276.51,279.6 2 0
github.com/AlexStocks/log4go/filelog.go:281.19,283.6 1 0
github.com/AlexStocks/log4go/filelog.go:284.10,284.53 1 0
github.com/AlexStocks/log4go/filelog.go:284.53,288.51 2 0
github.com/AlexStocks/log4go/filelog.go:293.5,293.19 1 0
github.com/AlexStocks/log4go/filelog.go:288.51,291.6 2 0
github.com/AlexStocks/log4go/filelog.go:293.19,295.6 1 0
github.com/AlexStocks/log4go/filelog.go:296.10,299.27 2 0
github.com/AlexStocks/log4go/filelog.go:299.27,303.20 4 0
github.com/AlexStocks/log4go/filelog.go:303.20,306.7 1 0
github.com/AlexStocks/log4go/filelog.go:318.29,322.19 2 0
github.com/AlexStocks/log4go/filelog.go:328.5,328.10 1 0
github.com/AlexStocks/log4go/filelog.go:322.19,325.14 3 0
github.com/AlexStocks/log4go/filelog.go:336.16,337.13 1 0
github.com/AlexStocks/log4go/filelog.go:338.3,338.13 1 0
github.com/AlexStocks/log4go/filelog.go:343.14,347.3 3 0
github.com/AlexStocks/log4go/filelog.go:348.13,352.3 3 0
github.com/AlexStocks/log4go/filelog.go:356.57,359.3 2 0
github.com/AlexStocks/log4go/filelog.go:368.34,369.48 1 0
github.com/AlexStocks/log4go/filelog.go:376.2,376.12 1 0
github.com/AlexStocks/log4go/filelog.go:369.48,371.17 2 0
github.com/AlexStocks/log4go/filelog.go:371.17,373.4 1 0
github.com/AlexStocks/log4go/filelog.go:380.53,382.19 1 5
github.com/AlexStocks/log4go/filelog.go:387.2,391.47 2 5
github.com/AlexStocks/log4go/filelog.go:398.2,398.18 1 5
github.com/AlexStocks/log4go/filelog.go:412.2,425.16 9 5
github.com/AlexStocks/log4go/filelog.go:429.2,429.12 1 5
github.com/AlexStocks/log4go/filelog.go:382.19,384.3 1 0
github.com/AlexStocks/log4go/filelog.go:391.47,392.41 1 0
github.com/AlexStocks/log4go/filelog.go:392.41,394.4 1 0
github.com/AlexStocks/log4go/filelog.go:398.18,400.17 2 2
github.com/AlexStocks/log4go/filelog.go:403.3,403.14 1 2
github.com/AlexStocks/log4go/filelog.go:400.17,402.4 1 0
github.com/AlexStocks/log4go/filelog.go:404.8,406.42 2 3
github.com/AlexStocks/log4go/filelog.go:409.3,409.18 1 3
github.com/AlexStocks/log4go/filelog.go:406.42,408.4 1 0
github.com/AlexStocks/log4go/filelog.go:425.16,427.3 1 5
github.com/AlexStocks/log4go/filelog.go:434.65,437.2 2 1
github.com/AlexStocks/log4go/filelog.go:441.65,444.2 2 4
github.com/AlexStocks/log4go/filelog.go:449.71,451.21 2 2
github.com/AlexStocks/log4go/filelog.go:454.2,454.10 1 2
github.com/AlexStocks/log4go/filelog.go:451.21,453.3 1 2
github.com/AlexStocks/log4go/filelog.go:459.69,460.18 1 2
github.com/AlexStocks/log4go/filelog.go:463.2,463.10 1 2
github.com/AlexStocks/log4go/filelog.go:460.18,462.3 1 1
github.com/AlexStocks/log4go/filelog.go:468.69,469.17 1 2
github.com/AlexStocks/log4go/filelog.go:472.2,472.10 1 2
github.com/AlexStocks/log4go/filelog.go:469.17,471.3 1 1
github.com/AlexStocks/log4go/filelog.go:477.67,480.13 2 2
github.com/AlexStocks/log4go/filelog.go:484.2,484.10 1 1
github.com/AlexStocks/log4go/filelog.go:480.13,482.3 1 1
github.com/AlexStocks/log4go/filelog.go:489.70,492.18 2 2
github.com/AlexStocks/log4go/filelog.go:496.2,496.10 1 2
github.com/AlexStocks/log4go/filelog.go:492.18,494.3 1 0
github.com/AlexStocks/log4go/filelog.go:500.100,501.15 1 1
github.com/AlexStocks/log4go/filelog.go:505.2,515.15 8 0
github.com/AlexStocks/log4go/filelog.go:545.2,545.10 1 0
github.com/AlexStocks/log4go/filelog.go:501.15,503.3 1 1
github.com/AlexStocks/log4go/filelog.go:516.20,517.28 1 0
github.com/AlexStocks/log4go/filelog.go:521.3,525.19 3 0
github.com/AlexStocks/log4go/filelog.go:527.21,528.28 1 0
github.com/AlexStocks/log4go/filelog.go:531.3,531.25 1 0
github.com/AlexStocks/log4go/filelog.go:535.3,542.18 3 0
github.com/AlexStocks/log4go/filelog.go:517.28,519.4 1 0
github.com/AlexStocks/log4go/filelog.go:528.28,530.4 1 0
github.com/AlexStocks/log4go/filelog.go:531.25,533.4 1 0
github.com/AlexStocks/log4go/filelog.go:550.74,551.19 1 2
github.com/AlexStocks/log4go/filelog.go:554.2,554.10 1 2
github.com/AlexStocks/log4go/filelog.go:551.19,553.3 1 0
github.com/AlexStocks/log4go/filelog.go:561.63,564.2 2 0
github.com/AlexStocks/log4go/filelog.go:568.65,570.15 2 2
github.com/AlexStocks/log4go/filelog.go:580.2,580.10 1 2
github.com/AlexStocks/log4go/filelog.go:570.15,572.65 1 0
github.com/AlexStocks/log4go/filelog.go:572.65,578.4 1 0
github.com/AlexStocks/log4go/filelog.go:585.77,592.2 1 2
github.com/AlexStocks/log4go/log4go.go:75.32,77.2 1 0
github.com/AlexStocks/log4go/log4go.go:99.32,100.41 1 6
github.com/AlexStocks/log4go/log4go.go:103.2,103.29 1 6
github.com/AlexStocks/log4go/log4go.go:100.41,102.3 1 0
github.com/AlexStocks/log4go/log4go.go:120.38,122.2 1 11
github.com/AlexStocks/log4go/log4go.go:125.51,126.35 1 27
github.com/AlexStocks/log4go/log4go.go:130.2,130.14 1 20
github.com/AlexStocks/log4go/log4go.go:126.35,129.3 2 7
github.com/AlexStocks/log4go/log4go.go:134.54,138.20 2 8
github.com/AlexStocks/log4go/log4go.go:138.20,140.3 1 7
github.com/AlexStocks/log4go/log4go.go:182.25,185.2 1 3
github.com/AlexStocks/log4go/log4go.go:191.41,205.2 6 0
github.com/AlexStocks/log4go/log4go.go:209.41,222.2 5 4
github.com/AlexStocks/log4go/log4go.go:224.47,227.2 2 0
github.com/AlexStocks/log4go/log4go.go:233.27,234.21 1 4
github.com/AlexStocks/log4go/log4go.go:234.21,237.15 3 4
github.com/AlexStocks/log4go/log4go.go:237.15,239.21 1 4
github.com/AlexStocks/log4go/log4go.go:239.21,242.5 2 5
github.com/AlexStocks/log4go/log4go.go:251.72,253.24 2 9
github.com/AlexStocks/log4go/log4go.go:256.2,256.28 1 9
github.com/AlexStocks/log4go/log4go.go:253.24,255.3 1 1
github.com/AlexStocks/log4go/log4go.go:256.28,258.3 1 8
github.com/AlexStocks/log4go/log4go.go:265.74,277.24 1 13
github.com/AlexStocks/log4go/log4go.go:282.2,283.16 2 12
github.com/AlexStocks/log4go/log4go.go:293.2,294.19 2 12
github.com/AlexStocks/log4go/log4go.go:299.2,308.37 2 12
github.com/AlexStocks/log4go/log4go.go:277.24,279.3 1 1
github.com/AlexStocks/log4go/log4go.go:283.16,285.9 2 6
github.com/AlexStocks/log4go/log4go.go:285.9,290.4 1 6
github.com/AlexStocks/log4go/log4go.go:294.19,296.3 1 9
github.com/AlexStocks/log4go/log4go.go:308.37,309.23 1 12
github.com/AlexStocks/log4go/log4go.go:312.3,312.21 1 12
github.com/AlexStocks/log4go/log4go.go:309.23,310.12 1 0
github.com/AlexStocks/log4go/log4go.go:317.61,329.24 1 2
github.com/AlexStocks/log4go/log4go.go:334.2,335.16 2 2
github.com/AlexStocks/log4go/log4go.go:343.2,351.37 2 2
github.com/AlexStocks/log4go/log4go.go:329.24,331.3 1 0
github.com/AlexStocks/log4go/log4go.go:335.16,337.9 2 0
github.com/AlexStocks/log4go/log4go.go:337.9,339.4 1 0
github.com/AlexStocks/log4go/log4go.go:351.37,352.23 1 2
github.com/AlexStocks/log4go/log4go.go:355.3,355.21 1 2
github.com/AlexStocks/log4go/log4go.go:352.23,353.12 1 0
github.com/AlexStocks/log4go/log4go.go:360.58,372.24 1 3
github.com/AlexStocks/log4go/log4go.go:375.2,375.17 1 2
github.com/AlexStocks/log4go/log4go.go:380.2,388.37 2 2
github.com/AlexStocks/log4go/log4go.go:372.24,374.3 1 1
github.com/AlexStocks/log4go/log4go.go:375.17,377.3 1 1
github.com/AlexStocks/log4go/log4go.go:388.37,389.23 1 2
github.com/AlexStocks/log4go/log4go.go:392.3,392.21 1 2
github.com/AlexStocks/log4go/log4go.go:389.23,390.12 1 0
github.com/AlexStocks/log4go/log4go.go:398.71,400.2 1 4
github.com/AlexStocks/log4go/log4go.go:404.58,406.2 1 1
github.com/AlexStocks/log4go/log4go.go:410.65,414.30 2 2
github.com/AlexStocks/log4go/log4go.go:415.14,417.35 1 1
github.com/AlexStocks/log4go/log4go.go:418.21,420.26 1 0
github.com/AlexStocks/log4go/log4go.go:421.10,423.79 1 1
github.com/AlexStocks/log4go/log4go.go:429.63,433.30 2 1
github.com/AlexStocks/log4go/log4go.go:434.14,436.35 1 0
github.com/AlexStocks/log4go/log4go.go:437.21,439.26 1 1
github.com/AlexStocks/log4go/log4go.go:440.10,442.79 1 0
github.com/AlexStocks/log4go/log4go.go:458.64,462.30 2 1
github.com/AlexStocks/log4go/log4go.go:463.14,465.35 1 1
github.com/AlexStocks/log4go/log4go.go:466.21,468.26 1 0
github.com/AlexStocks/log4go/log4go.go:469.10,471.79 1 0
github.com/AlexStocks/log4go/log4go.go:477.64,481.30 2 1
github.com/AlexStocks/log4go/log4go.go:482.14,484.35 1 1
github.com/AlexStocks/log4go/log4go.go:485.21,487.26 1 0
github.com/AlexStocks/log4go/log4go.go:488.10,490.79 1 0
github.com/AlexStocks/log4go/log4go.go:496.63,500.30 2 0
github.com/AlexStocks/log4go/log4go.go:501.14,503.35 1 0
github.com/AlexStocks/log4go/log4go.go:504.21,506.26 1 0
github.com/AlexStocks/log4go/log4go.go:507.10,509.79 1 0
github.com/AlexStocks/log4go/log4go.go:518.69,523.30 3 1
github.com/AlexStocks/log4go/log4go.go:534.2,536.12 2 1
github.com/AlexStocks/log4go/log4go.go:524.14,526.36 1 1
github.com/AlexStocks/log4go/log4go.go:527.21,529.16 1 0
github.com/AlexStocks/log4go/log4go.go:530.10,532.81 1 0
github.com/AlexStocks/log4go/log4go.go:542.70,547.30 3 1
github.com/AlexStocks/log4go/log4go.go:558.2,560.12 2 1
github.com/AlexStocks/log4go/log4go.go:548.14,550.36 1 1
github.com/AlexStocks/log4go/log4go.go:551.21,553.16 1 0
github.com/AlexStocks/log4go/log4go.go:554.10,556.81 1 0
github.com/AlexStocks/log4go/log4go.go:566.73,571.30 3 1
github.com/AlexStocks/log4go/log4go.go:582.2,584.12 2 1
github.com/AlexStocks/log4go/log4go.go:572.14,574.36 1 1
github.com/AlexStocks/log4go/log4go.go:575.21,577.16 1 0
github.com/AlexStocks/log4go/log4go.go:578.10,580.81 1 0
github.com/AlexStocks/log4go/log4go.go:587.71,589.2 1 0
github.com/AlexStocks/log4go/pattlog.go:36.13,37.31 1 1
github.com/AlexStocks/log4go/pattlog.go:37.31,39.3 1 0
github.com/AlexStocks/log4go/pattlog.go:47.29,48.34 1 27
github.com/AlexStocks/log4go/pattlog.go:55.2,55.47 1 11
github.com/AlexStocks/log4go/pattlog.go:48.34,50.3 1 16
github.com/AlexStocks/log4go/pattlog.go:58.31,61.2 2 27
github.com/AlexStocks/log4go/pattlog.go:63.41,67.2 3 9
github.com/AlexStocks/log4go/pattlog.go:69.40,73.2 3 27
github.com/AlexStocks/log4go/pattlog.go:86.60,87.16 1 35
github.com/AlexStocks/log4go/pattlog.go:90.2,90.22 1 35
github.com/AlexStocks/log4go/pattlog.go:95.2,102.37 5 27
github.com/AlexStocks/log4go/pattlog.go:118.2,122.31 3 27
github.com/AlexStocks/log4go/pattlog.go:159.2,161.21 2 27
github.com/AlexStocks/log4go/pattlog.go:87.16,89.3 1 0
github.com/AlexStocks/log4go/pattlog.go:90.22,92.3 1 8
github.com/AlexStocks/log4go/pattlog.go:102.37,115.3 6 9
github.com/AlexStocks/log4go/pattlog.go:122.31,123.30 1 113
github.com/AlexStocks/log4go/pattlog.go:123.30,124.20 1 86
github.com/AlexStocks/log4go/pattlog.go:151.4,151.36 1 86
github.com/AlexStocks/log4go/pattlog.go:125.13,126.36 1 14
github.com/AlexStocks/log4go/pattlog.go:127.13,128.37 1 1
github.com/AlexStocks/log4go/pattlog.go:129.13,130.36 1 14
github.com/AlexStocks/log4go/pattlog.go:131.13,132.37 1 1
github.com/AlexStocks/log4go/pattlog.go:133.13,134.45 1 23
github.com/AlexStocks/log4go/pattlog.go:135.13,136.34 1 0
github.com/AlexStocks/log4go/pattlog.go:137.13,138.29 1 10
github.com/AlexStocks/log4go/pattlog.go:145.13,147.41 2 0
github.com/AlexStocks/log4go/pattlog.go:148.13,149.33 1 23
github.com/AlexStocks/log4go/pattlog.go:138.29,140.6 1 10
github.com/AlexStocks/log4go/pattlog.go:140.11,144.6 3 0
github.com/AlexStocks/log4go/pattlog.go:151.36,153.5 1 64
github.com/AlexStocks/log4go/pattlog.go:154.9,154.28 1 27
github.com/AlexStocks/log4go/pattlog.go:154.28,156.4 1 27
github.com/AlexStocks/log4go/pattlog.go:172.72,177.2 4 0
github.com/AlexStocks/log4go/pattlog.go:179.61,180.25 1 0
github.com/AlexStocks/log4go/pattlog.go:180.25,181.16 1 0
github.com/AlexStocks/log4go/pattlog.go:185.3,185.49 1 0
github.com/AlexStocks/log4go/pattlog.go:181.16,183.4 1 0
github.com/AlexStocks/log4go/pattlog.go:190.48,190.67 1 0
github.com/AlexStocks/log4go/pattlog.go:194.69,197.2 2 0
github.com/AlexStocks/log4go/pattlog.go:201.52,202.15 1 0
github.com/AlexStocks/log4go/pattlog.go:213.2,213.15 1 0
github.com/AlexStocks/log4go/pattlog.go:202.15,203.31 1 0
github.com/AlexStocks/log4go/pattlog.go:203.31,205.18 2 0
github.com/AlexStocks/log4go/pattlog.go:209.4,209.67 1 0
github.com/AlexStocks/log4go/pattlog.go:205.18,208.5 2 0
github.com/AlexStocks/log4go/pattlog.go:218.35,219.19 1 0
github.com/AlexStocks/log4go/pattlog.go:219.19,221.3 1 0
github.com/AlexStocks/log4go/socklog.go:22.52,23.15 1 0
github.com/AlexStocks/log4go/socklog.go:36.2,37.39 2 0
github.com/AlexStocks/log4go/socklog.go:23.15,24.31 1 0
github.com/AlexStocks/log4go/socklog.go:24.31,33.4 1 0
github.com/AlexStocks/log4go/socklog.go:37.39,39.3 1 0
github.com/AlexStocks/log4go/socklog.go:39.8,43.3 1 0
github.com/AlexStocks/log4go/socklog.go:46.35,47.19 1 0
github.com/AlexStocks/log4go/socklog.go:47.19,50.3 2 0
github.com/AlexStocks/log4go/socklog.go:54.48,54.67 1 0
github.com/AlexStocks/log4go/socklog.go:58.69,61.2 2 0
github.com/AlexStocks/log4go/socklog.go:63.66,69.16 4 0
github.com/AlexStocks/log4go/socklog.go:74.2,76.12 2 0
github.com/AlexStocks/log4go/socklog.go:117.2,117.10 1 0
github.com/AlexStocks/log4go/socklog.go:69.16,72.3 2 0
github.com/AlexStocks/log4go/socklog.go:76.12,77.16 1 0
github.com/AlexStocks/log4go/socklog.go:84.3,84.26 1 0
github.com/AlexStocks/log4go/socklog.go:77.16,79.19 1 0
github.com/AlexStocks/log4go/socklog.go:79.19,81.5 1 0
github.com/AlexStocks/log4go/socklog.go:84.26,94.23 1 0
github.com/AlexStocks/log4go/socklog.go:98.4,98.17 1 0
github.com/AlexStocks/log4go/socklog.go:103.4,104.18 2 0
github.com/AlexStocks/log4go/socklog.go:94.23,96.5 1 0
github.com/AlexStocks/log4go/socklog.go:98.17,100.5 1 0
github.com/AlexStocks/log4go/socklog.go:104.18,107.23 3 0
github.com/AlexStocks/log4go/socklog.go:107.23,110.6 1 0
github.com/AlexStocks/log4go/socklog.go:110.11,112.6 1 0
github.com/AlexStocks/log4go/termlog.go:29.55,41.2 4 6
github.com/AlexStocks/log4go/termlog.go:43.47,45.2 1 0
github.com/AlexStocks/log4go/termlog.go:47.53,49.2 1 1
github.com/AlexStocks/log4go/termlog.go:51.59,53.2 1 1
github.com/AlexStocks/log4go/termlog.go:55.34,61.2 5 18
github.com/AlexStocks/log4go/termlog.go:63.33,70.2 6 0
github.com/AlexStocks/log4go/termlog.go:72.47,77.23 2 7
github.com/AlexStocks/log4go/termlog.go:77.23,78.22 1 11
github.com/AlexStocks/log4go/termlog.go:82.3,82.16 1 9
github.com/AlexStocks/log4go/termlog.go:86.3,86.14 1 9
github.com/AlexStocks/log4go/termlog.go:92.3,92.20 1 9
github.com/AlexStocks/log4go/termlog.go:78.22,80.4 1 2
github.com/AlexStocks/log4go/termlog.go:82.16,84.4 1 2
github.com/AlexStocks/log4go/termlog.go:86.14,88.4 1 9
github.com/AlexStocks/log4go/termlog.go:88.9,91.4 2 0
github.com/AlexStocks/log4go/termlog.go:93.28,94.26 1 2
github.com/AlexStocks/log4go/termlog.go:95.14,96.26 1 0
github.com/AlexStocks/log4go/termlog.go:97.13,98.25 1 0
github.com/AlexStocks/log4go/termlog.go:99.16,100.25 1 3
github.com/AlexStocks/log4go/termlog.go:101.14,102.26 1 1
github.com/AlexStocks/log4go/termlog.go:103.17,104.29 1 2
github.com/AlexStocks/log4go/termlog.go:111.53,112.15 1 8
github.com/AlexStocks/log4go/termlog.go:118.2,118.13 1 8
github.com/AlexStocks/log4go/termlog.go:112.15,113.31 1 8
github.com/AlexStocks/log4go/termlog.go:113.31,115.4 1 0
github.com/AlexStocks/log4go/termlog.go:123.36,124.19 1 3
github.com/AlexStocks/log4go/termlog.go:124.19,129.3 4 3
github.com/AlexStocks/log4go/termlog.go:133.49,133.68 1 6
github.com/AlexStocks/log4go/color.go:49.61,50.31 1 8
github.com/AlexStocks/log4go/color.go:57.2,57.46 1 8
github.com/AlexStocks/log4go/color.go:50.31,51.32 1 7
github.com/AlexStocks/log4go/color.go:51.32,54.4 2 0
github.com/AlexStocks/log4go/color.go:60.44,62.2 1 2
github.com/AlexStocks/log4go/color.go:64.44,66.2 1 0
github.com/AlexStocks/log4go/color.go:68.43,70.2 1 0
github.com/AlexStocks/log4go/color.go:72.43,74.2 1 3
github.com/AlexStocks/log4go/color.go:76.44,78.2 1 1
github.com/AlexStocks/log4go/color.go:80.47,82.2 1 2
github.com/AlexStocks/log4go/config.go:40.50,43.16 2 4
github.com/AlexStocks/log4go/config.go:49.2,52.16 3 4
github.com/AlexStocks/log4go/config.go:59.2,60.41 2 4
github.com/AlexStocks/log4go/config.go:88.2,88.11 1 4
github.com/AlexStocks/log4go/config.go:43.16,48.3 2 0
github.com/AlexStocks/log4go/config.go:52.16,57.3 2 0
github.com/AlexStocks/log4go/config.go:60.41,62.54 2 1
github.com/AlexStocks/log4go/config.go:68.3,68.19 1 1
github.com/AlexStocks/log4go/config.go:62.54,67.4 2 0
github.com/AlexStocks/log4go/config.go:69.8,69.49 1 3
github.com/AlexStocks/log4go/config.go:69.49,71.54 2 1
github.com/AlexStocks/log4go/config.go:77.3,77.19 1 1
github.com/AlexStocks/log4go/config.go:71.54,76.4 2 0
github.com/AlexStocks/log4go/config.go:79.8,80.53 1 2
github.com/AlexStocks/log4go/config.go:80.53,85.4 2 0
github.com/AlexStocks/log4go/config.go:92.62,97.35 4 1
github.com/AlexStocks/log4go/config.go:197.2,197.13 1 1
github.com/AlexStocks/log4go/config.go:97.35,103.31 4 4
github.com/AlexStocks/log4go/config.go:111.3,111.27 1 4
github.com/AlexStocks/log4go/config.go:117.3,117.28 1 4
github.com/AlexStocks/log4go/config.go:127.3,127.29 1 4
github.com/AlexStocks/log4go/config.go:134.3,135.22 2 4
github.com/AlexStocks/log4go/config.go:160.3,160.10 1 4
github.com/AlexStocks/log4go/config.go:163.3,163.25 1 4
github.com/AlexStocks/log4go/config.go:167.3,167.22 1 4
github.com/AlexStocks/log4go/config.go:184.3,184.12 1 4
github.com/AlexStocks/log4go/config.go:189.3,189.15 1 4
github.com/AlexStocks/log4go/config.go:194.3,194.39 1 3
github.com/AlexStocks/log4go/config.go:103.31,108.4 2 0
github.com/AlexStocks/log4go/config.go:108.9,110.4 1 4
github.com/AlexStocks/log4go/config.go:111.27,116.4 2 0
github.com/AlexStocks/log4go/config.go:117.28,122.4 2 0
github.com/AlexStocks/log4go/config.go:122.9,123.31 1 4
github.com/AlexStocks/log4go/config.go:123.31,124.13 1 0
github.com/AlexStocks/log4go/config.go:127.29,132.4 2 0
github.com/AlexStocks/log4go/config.go:136.17,137.16 1 2
github.com/AlexStocks/log4go/config.go:138.15,139.14 1 0
github.com/AlexStocks/log4go/config.go:140.16,141.15 1 1
github.com/AlexStocks/log4go/config.go:142.16,143.15 1 1
github.com/AlexStocks/log4go/config.go:144.15,145.14 1 0
github.com/AlexStocks/log4go/config.go:146.18,147.17 1 0
github.com/AlexStocks/log4go/config.go:148.16,149.15 1 0
github.com/AlexStocks/log4go/config.go:150.19,151.18 1 0
github.com/AlexStocks/log4go/config.go:152.11,156.14 2 0
github.com/AlexStocks/log4go/config.go:160.10,162.4 1 0
github.com/AlexStocks/log4go/config.go:163.25,165.4 1 2
github.com/AlexStocks/log4go/config.go:168.18,169.75 1 1
github.com/AlexStocks/log4go/config.go:170.15,171.72 1 1
github.com/AlexStocks/log4go/config.go:172.14,173.71 1 1
github.com/AlexStocks/log4go/config.go:174.17,175.74 1 1
github.com/AlexStocks/log4go/config.go:176.11,180.14 2 0
github.com/AlexStocks/log4go/config.go:184.12,186.4 1 0
github.com/AlexStocks/log4go/config.go:189.15,190.12 1 1
github.com/AlexStocks/log4go/config.go:200.108,206.29 4 1
github.com/AlexStocks/log4go/config.go:223.2,223.14 1 1
github.com/AlexStocks/log4go/config.go:227.2,231.18 4 1
github.com/AlexStocks/log4go/config.go:206.29,207.20 1 0
github.com/AlexStocks/log4go/config.go:208.15,209.61 1 0
github.com/AlexStocks/log4go/config.go:210.17,211.46 1 0
github.com/AlexStocks/log4go/config.go:212.17,214.64 1 0
github.com/AlexStocks/log4go/config.go:215.11,218.25 1 0
github.com/AlexStocks/log4go/config.go:223.14,225.3 1 0
github.com/AlexStocks/log4go/config.go:235.47,237.18 2 4
github.com/AlexStocks/log4go/config.go:250.2,251.21 2 4
github.com/AlexStocks/log4go/config.go:237.18,238.26 1 4
github.com/AlexStocks/log4go/config.go:239.17,241.15 2 0
github.com/AlexStocks/log4go/config.go:242.17,244.15 2 2
github.com/AlexStocks/log4go/config.go:245.17,247.29 2 4
github.com/AlexStocks/log4go/config.go:254.31,256.16 2 0
github.com/AlexStocks/log4go/config.go:259.2,259.10 1 0
github.com/AlexStocks/log4go/config.go:256.16,258.3 1 0
github.com/AlexStocks/log4go/config.go:261.33,263.16 2 0
github.com/AlexStocks/log4go/config.go:266.2,266.10 1 0
github.com/AlexStocks/log4go/config.go:263.16,265.3 1 0
github.com/AlexStocks/log4go/config.go:269.102,283.29 12 1
github.com/AlexStocks/log4go/config.go:317.2,317.20 1 1
github.com/AlexStocks/log4go/config.go:325.2,325.14 1 1
github.com/AlexStocks/log4go/config.go:329.2,338.18 10 1
github.com/AlexStocks/log4go/config.go:283.29,284.20 1 6
github.com/AlexStocks/log4go/config.go:285.19,286.44 1 1
github.com/AlexStocks/log4go/config.go:287.15,288.61 1 0
github.com/AlexStocks/log4go/config.go:289.17,290.46 1 1
github.com/AlexStocks/log4go/config.go:291.19,292.70 1 1
github.com/AlexStocks/log4go/config.go:293.18,294.76 1 1
github.com/AlexStocks/log4go/config.go:295.18,296.57 1 0
github.com/AlexStocks/log4go/config.go:297.20,298.59 1 0
github.com/AlexStocks/log4go/config.go:299.17,300.57 1 1
github.com/AlexStocks/log4go/config.go:301.16,302.56 1 1
github.com/AlexStocks/log4go/config.go:303.17,304.65 1 0
github.com/AlexStocks/log4go/config.go:305.17,307.64 1 0
github.com/AlexStocks/log4go/config.go:309.11,312.25 1 0
github.com/AlexStocks/log4go/config.go:317.20,322.3 2 0
github.com/AlexStocks/log4go/config.go:325.14,327.3 1 0
github.com/AlexStocks/log4go/config.go:341.101,353.29 10 1
github.com/AlexStocks/log4go/config.go:382.2,382.20 1 1
github.com/AlexStocks/log4go/config.go:390.2,390.14 1 1
github.com/AlexStocks/log4go/config.go:394.2,402.18 8 1
github.com/AlexStocks/log4go/config.go:353.29,354.20 1 5
github.com/AlexStocks/log4go/config.go:355.19,356.44 1 1
github.com/AlexStocks/log4go/config.go:357.21,358.72 1 1
github.com/AlexStocks/log4go/config.go:359.18,360.76 1 1
github.com/AlexStocks/log4go/config.go:361.18,362.57 1 0
github.com/AlexStocks/log4go/config.go:363.20,364.59 1 0
github.com/AlexStocks/log4go/config.go:365.16,366.56 1 1
github.com/AlexStocks/log4go/config.go:367.17,368.65 1 0
github.com/AlexStocks/log4go/config.go:369.17,370.57 1 1
github.com/AlexStocks/log4go/config.go:371.17,373.64 1 0
github.com/AlexStocks/log4go/config.go:374.11,377.25 1 0
github.com/AlexStocks/log4go/config.go:382.20,387.3 2 0
github.com/AlexStocks/log4go/config.go:390.14,392.3 1 0
github.com/AlexStocks/log4go/config.go:405.106,411.29 4 1
github.com/AlexStocks/log4go/config.go:428.2,428.24 1 1
github.com/AlexStocks/log4go/config.go:436.2,436.14 1 1
github.com/AlexStocks/log4go/config.go:440.2,443.21 3 0
github.com/AlexStocks/log4go/config.go:411.29,412.20 1 2
github.com/AlexStocks/log4go/config.go:413.19,414.48 1 1
github.com/AlexStocks/log4go/config.go:415.19,416.48 1 1
github.com/AlexStocks/log4go/config.go:417.17,419.64 1 0
github.com/AlexStocks/log4go/config.go:420.11,423.25 1 0
github.com/AlexStocks/log4go/config.go:428.24,433.3 2 0
github.com/AlexStocks/log4go/config.go:436.14,438.3 1 1
github.com/AlexStocks/log4go/logrecord.go:44.33,46.2 1 27
github.com/AlexStocks/log4go/logrecord.go:50.34,66.24 7 1
github.com/AlexStocks/log4go/logrecord.go:76.2,82.20 4 1
github.com/AlexStocks/log4go/logrecord.go:66.24,74.3 2 1
github.com/AlexStocks/log4go/logrecord.go:85.64,87.17 2 0
github.com/AlexStocks/log4go/logrecord.go:94.2,95.23 2 0
github.com/AlexStocks/log4go/logrecord.go:119.2,120.16 2 0
github.com/AlexStocks/log4go/logrecord.go:87.17,88.17 1 0
github.com/AlexStocks/log4go/logrecord.go:91.3,92.9 2 0
github.com/AlexStocks/log4go/logrecord.go:88.17,90.4 1 0
github.com/AlexStocks/log4go/logrecord.go:95.23,98.18 3 0
github.com/AlexStocks/log4go/logrecord.go:103.3,103.14 1 0
github.com/AlexStocks/log4go/logrecord.go:117.3,117.17 1 0
github.com/AlexStocks/log4go/logrecord.go:98.18,101.12 3 0
github.com/AlexStocks/log4go/logrecord.go:104.16,105.31 1 0
github.com/AlexStocks/log4go/logrecord.go:106.20,107.33 1 0
github.com/AlexStocks/log4go/logrecord.go:110.17,111.36 1 0
github.com/AlexStocks/log4go/logrecord.go:112.14,113.37 1 0
github.com/AlexStocks/log4go/logrecord.go:114.11,115.22 1 0
github.com/AlexStocks/log4go/logrecord.go:107.33,109.5 1 0
github.com/AlexStocks/log4go/logrecord.go:120.16,122.3 1 0
github.com/AlexStocks/log4go/logrecord.go:124.65,128.19 4 2
github.com/AlexStocks/log4go/logrecord.go:138.2,138.10 1 2
github.com/AlexStocks/log4go/logrecord.go:148.2,148.21 1 2
github.com/AlexStocks/log4go/logrecord.go:158.2,158.22 1 2
github.com/AlexStocks/log4go/logrecord.go:168.2,168.18 1 2
github.com/AlexStocks/log4go/logrecord.go:128.19,130.12 2 2
github.com/AlexStocks/log4go/logrecord.go:136.3,136.25 1 2
github.com/AlexStocks/log4go/logrecord.go:130.12,133.4 2 2
github.com/AlexStocks/log4go/logrecord.go:133.9,135.4 1 0
github.com/AlexStocks/log4go/logrecord.go:138.10,140.12 2 2
github.com/AlexStocks/log4go/logrecord.go:146.3,146.38 1 2
github.com/AlexStocks/log4go/logrecord.go:140.12,143.4 2 0
github.com/AlexStocks/log4go/logrecord.go:143.9,145.4 1 2
github.com/AlexStocks/log4go/logrecord.go:148.21,150.12 2 2
github.com/AlexStocks/log4go/logrecord.go:156.3,156.32 1 2
github.com/AlexStocks/log4go/logrecord.go:150.12,153.4 2 0
github.com/AlexStocks/log4go/logrecord.go:153.9,155.4 1 2
github.com/AlexStocks/log4go/logrecord.go:158.22,160.12 2 2
github.com/AlexStocks/log4go/logrecord.go:166.3,166.33 1 2
github.com/AlexStocks/log4go/logrecord.go:160.12,163.4 2 0
github.com/AlexStocks/log4go/logrecord.go:163.9,165.4 1 2
github.com/AlexStocks/log4go/logrecord.go:172.50,176.2 3 2
github.com/AlexStocks/log4go/logrecord.go:179.55,181.2 1 0
github.com/AlexStocks/log4go/logrecord.go:184.54,188.2 3 0
github.com/AlexStocks/log4go/logrecord.go:191.56,193.2 1 0
github.com/AlexStocks/log4go/wrapper.go:16.13,19.2 1 1
github.com/AlexStocks/log4go/wrapper.go:22.37,23.42 1 0
github.com/AlexStocks/log4go/wrapper.go:27.2,28.12 2 0
github.com/AlexStocks/log4go/wrapper.go:23.42,25.3 1 0
github.com/AlexStocks/log4go/wrapper.go:32.41,34.2 1 0
github.com/AlexStocks/log4go/wrapper.go:37.33,39.2 1 0
github.com/AlexStocks/log4go/wrapper.go:42.58,44.2 1 0
github.com/AlexStocks/log4go/wrapper.go:47.14,49.2 1 1
github.com/AlexStocks/log4go/wrapper.go:51.33,52.19 1 0
github.com/AlexStocks/log4go/wrapper.go:55.2,55.13 1 0
github.com/AlexStocks/log4go/wrapper.go:52.19,54.3 1 0
github.com/AlexStocks/log4go/wrapper.go:59.49,62.37 3 0
github.com/AlexStocks/log4go/wrapper.go:66.32,67.19 1 0
github.com/AlexStocks/log4go/wrapper.go:70.2,71.12 2 0
github.com/AlexStocks/log4go/wrapper.go:67.19,69.3 1 0
github.com/AlexStocks/log4go/wrapper.go:75.48,79.2 3 0
github.com/AlexStocks/log4go/wrapper.go:82.34,83.19 1 0
github.com/AlexStocks/log4go/wrapper.go:83.19,85.3 1 0
github.com/AlexStocks/log4go/wrapper.go:89.50,91.2 1 0
github.com/AlexStocks/log4go/wrapper.go:94.34,95.19 1 0
github.com/AlexStocks/log4go/wrapper.go:95.19,97.3 1 0
github.com/AlexStocks/log4go/wrapper.go:101.50,103.2 1 0
github.com/AlexStocks/log4go/wrapper.go:107.45,109.2 1 0
github.com/AlexStocks/log4go/wrapper.go:113.58,115.2 1 0
github.com/AlexStocks/log4go/wrapper.go:119.45,121.2 1 0
github.com/AlexStocks/log4go/wrapper.go:125.52,129.30 2 0
github.com/AlexStocks/log4go/wrapper.go:130.14,132.38 1 0
github.com/AlexStocks/log4go/wrapper.go:133.21,135.29 1 0
github.com/AlexStocks/log4go/wrapper.go:136.10,138.82 1 0
github.com/AlexStocks/log4go/wrapper.go:144.50,148.30 2 0
github.com/AlexStocks/log4go/wrapper.go:149.14,151.38 1 0
github.com/AlexStocks/log4go/wrapper.go:152.21,154.29 1 0
github.com/AlexStocks/log4go/wrapper.go:155.10,157.82 1 0
github.com/AlexStocks/log4go/wrapper.go:166.51,170.30 2 2
github.com/AlexStocks/log4go/wrapper.go:171.14,173.38 1 2
github.com/AlexStocks/log4go/wrapper.go:174.21,176.29 1 0
github.com/AlexStocks/log4go/wrapper.go:177.10,179.82 1 0
github.com/AlexStocks/log4go/wrapper.go:185.51,189.30 2 0
github.com/AlexStocks/log4go/wrapper.go:190.14,192.38 1 0
github.com/AlexStocks/log4go/wrapper.go:193.21,195.29 1 0
github.com/AlexStocks/log4go/wrapper.go:196.10,198.82 1 0
github.com/AlexStocks/log4go/wrapper.go:204.50,208.30 2 0
github.com/AlexStocks/log4go/wrapper.go:209.14,211.38 1 0
github.com/AlexStocks/log4go/wrapper.go:212.21,214.29 1 0
github.com/AlexStocks/log4go/wrapper.go:215.10,217.82 1 0
github.com/AlexStocks/log4go/wrapper.go:225.50,229.30 2 0
github.com/AlexStocks/log4go/wrapper.go:230.14,232.38 1 0
github.com/AlexStocks/log4go/wrapper.go:234.21,237.33 2 0
github.com/AlexStocks/log4go/wrapper.go:239.10,241.83 1 0
github.com/AlexStocks/log4go/wrapper.go:251.51,255.30 2 0
github.com/AlexStocks/log4go/wrapper.go:256.14,258.38 1 0
github.com/AlexStocks/log4go/wrapper.go:260.21,263.33 2 0
github.com/AlexStocks/log4go/wrapper.go:265.10,267.83 1 0
github.com/AlexStocks/log4go/wrapper.go:276.60,280.30 2 0
github.com/AlexStocks/log4go/wrapper.go:295.2,295.12 1 0
github.com/AlexStocks/log4go/wrapper.go:281.14,284.49 2 0
github.com/AlexStocks/log4go/wrapper.go:285.21,289.25 3 0
github.com/AlexStocks/log4go/wrapper.go:290.10,293.96 2 0
